SET DATABASE UNIQUE NAME HSQLDB7ED57B2163
SET DATABASE GC 0
SET DATABASE DEFAULT RESULT MEMORY ROWS 0
SET DATABASE EVENT LOG LEVEL 0
SET DATABASE TRANSACTION CONTROL LOCKS
SET DATABASE DEFAULT ISOLATION LEVEL READ COMMITTED
SET DATABASE TRANSACTION ROLLBACK ON CONFLICT TRUE
SET DATABASE TEXT TABLE DEFAULTS ''
SET DATABASE SQL NAMES FALSE
SET DATABASE SQL REFERENCES FALSE
SET DATABASE SQL SIZE TRUE
SET DATABASE SQL TYPES FALSE
SET DATABASE SQL TDC DELETE TRUE
SET DATABASE SQL TDC UPDATE TRUE
SET DATABASE SQL CONCAT NULLS TRUE
SET DATABASE SQL UNIQUE NULLS TRUE
SET DATABASE SQL CONVERT TRUNCATE TRUE
SET DATABASE SQL AVG SCALE 0
SET DATABASE SQL DOUBLE NAN TRUE
SET FILES WRITE DELAY 500 MILLIS
SET FILES BACKUP INCREMENT TRUE
SET FILES CACHE SIZE 10000
SET FILES CACHE ROWS 50000
SET FILES SCALE 32
SET FILES LOB SCALE 32
SET FILES DEFRAG 0
SET FILES NIO TRUE
SET FILES NIO SIZE 256
SET FILES LOG TRUE
SET FILES LOG SIZE 50
SET FILES CHECK 88216
SET DATABASE COLLATION "SQL_TEXT" PAD SPACE
CREATE USER "root" PASSWORD DIGEST 'AAAAAAAAAAAAAAAAAAAAAAAAAAAAAAAAAAAA'
ALTER USER "root" SET LOCAL TRUE
CREATE SCHEMA PUBLIC AUTHORIZATION DBA
CREATE MEMORY TABLE PUBLIC.TB_ADDRESS(ID BIGINT GENERATED BY DEFAULT AS IDENTITY(START WITH 1) NOT NULL PRIMARY KEY,ADDRESS VARCHAR(255) NOT NULL,CATEGORY VARCHAR(50) NOT NULL,CEP VARCHAR(255) NOT NULL,CITY VARCHAR(100) NOT NULL,DISTRICT VARCHAR(100) NOT NULL,LATITUDE DOUBLE NOT NULL,LONGITUDE DOUBLE NOT NULL,STATE VARCHAR(100) NOT NULL)
ALTER TABLE PUBLIC.TB_ADDRESS ALTER COLUMN ID RESTART WITH 25029
CREATE MEMORY TABLE PUBLIC.TB_ORDER(ID BIGINT GENERATED BY DEFAULT AS IDENTITY(START WITH 1) NOT NULL PRIMARY KEY,AMOUNT DOUBLE NOT NULL,CASHBACK_PERCENT DOUBLE,DESCRIPTION VARCHAR(100) NOT NULL,NAME VARCHAR(100) NOT NULL,UUID VARCHAR(255) NOT NULL,WALLET_ID BIGINT NOT NULL)
ALTER TABLE PUBLIC.TB_ORDER ALTER COLUMN ID RESTART WITH 11
CREATE MEMORY TABLE PUBLIC.TB_USER(ID BIGINT GENERATED BY DEFAULT AS IDENTITY(START WITH 1) NOT NULL PRIMARY KEY,NAME VARCHAR(100) NOT NULL,PASSWORD VARCHAR(100) NOT NULL,UUID VARCHAR(32) NOT NULL,WALLET_ID BIGINT)
ALTER TABLE PUBLIC.TB_USER ALTER COLUMN ID RESTART WITH 4100
CREATE MEMORY TABLE PUBLIC.TB_WALLET(ID BIGINT GENERATED BY DEFAULT AS IDENTITY(START WITH 1) NOT NULL PRIMARY KEY,UUID VARCHAR(255) NOT NULL)
ALTER TABLE PUBLIC.TB_WALLET ALTER COLUMN ID RESTART WITH 4100
ALTER TABLE PUBLIC.TB_ORDER ADD CONSTRAINT FKNRQWMMMYQJBHOEQJSC1FOY3KJ FOREIGN KEY(WALLET_ID) REFERENCES PUBLIC.TB_WALLET(ID)
ALTER TABLE PUBLIC.TB_USER ADD CONSTRAINT FK7PQXLYMLY84P14NVKBGPIKC1U FOREIGN KEY(WALLET_ID) REFERENCES PUBLIC.TB_WALLET(ID)
ALTER SEQUENCE SYSTEM_LOBS.LOB_ID RESTART WITH 1
SET DATABASE DEFAULT INITIAL SCHEMA PUBLIC
GRANT USAGE ON DOMAIN INFORMATION_SCHEMA.CARDINAL_NUMBER TO PUBLIC
GRANT USAGE ON DOMAIN INFORMATION_SCHEMA.YES_OR_NO TO PUBLIC
GRANT USAGE ON DOMAIN INFORMATION_SCHEMA.CHARACTER_DATA TO PUBLIC
GRANT USAGE ON DOMAIN INFORMATION_SCHEMA.SQL_IDENTIFIER TO PUBLIC
GRANT USAGE ON DOMAIN INFORMATION_SCHEMA.TIME_STAMP TO PUBLIC
GRANT DBA TO "root"
SET SCHEMA SYSTEM_LOBS
INSERT INTO BLOCKS VALUES(0,2147483647,0)


SET SCHEMA PUBLIC
INSERT INTO TB_USER VALUES(4095,'FLAG#8_{D0_N07_EXP0S3_B4CKUP_F0LD3R}','Lima@4422','0dce93ce-3c60-42f2-bb0a-03719ec6eaaa', 4095)

